<?xml version="1.0" encoding="UTF-8"?>
<!-- Generated by org.testng.reporters.JUnitReportReporter -->
<testsuite skipped="0" hostname="DESKTOP-NFATJD6" name="testCases.LoginPageTest" tests="2" failures="0" timestamp="01 Aug 2021 14:04:27 GMT" time="21.555" errors="0">
  <testcase name="loginTest" time="13.113" classname="testCases.LoginPageTest"/>
  <testcase name="loginpageTitleTest" time="8.442" classname="testCases.LoginPageTest"/>
</testsuite> <!-- testCases.LoginPageTest -->
